<?xml version="1.0" encoding="UTF-8"?>
<!-- Generated by org.testng.reporters.JUnitXMLReporter -->
<testsuite ignored="3" hostname="DESKTOP-9F9PB9U" failures="0" tests="3" name="Default test" time="2.398" errors="0" timestamp="2022-06-19T23:08:49 BDT">
  <testcase classname="Data_Provider.DP_LoginTest" name="Extent_TC_001" time="0.058"/>
  <testcase classname="Data_Provider.DP_LoginTest" name="Extent_TC_001" time="0.012"/>
  <testcase classname="Data_Provider.DP_LoginTest" name="Extent_TC_001" time="0.011"/>
  <testcase classname="Data_Provider.DP_LoginTest" name="Extent_TC_003" time="0.0">
    <ignored/>
  </testcase> <!-- Extent_TC_003 -->
  <testcase classname="Data_Provider.DP_LoginTest" name="Extent_TC_002" time="0.0">
    <ignored/>
  </testcase> <!-- Extent_TC_002 -->
  <testcase classname="Data_Provider.DP_LoginTest" name="Extent_TC_004" time="0.0">
    <ignored/>
  </testcase> <!-- Extent_TC_004 -->
</testsuite> <!-- Default test -->
