<?xml version="1.0" encoding="UTF-8"?>
<!-- Generated by org.testng.reporters.JUnitXMLReporter -->
<testsuite ignored="0" hostname="DESKTOP-9F9PB9U" failures="0" tests="4" name="Default test" time="1.803" errors="0" timestamp="2022-06-18T22:50:47 BDT">
  <testcase classname="com.ExtentReports.Extent_Basic" name="Extent_TC_001" time="0.043"/>
  <testcase classname="com.ExtentReports.Extent_Basic" name="Extent_TC_002" time="0.013"/>
  <testcase classname="com.ExtentReports.Extent_Basic" name="Extent_TC_003" time="0.011"/>
  <testcase classname="com.ExtentReports.Extent_Basic" name="Extent_TC_004" time="0.006"/>
</testsuite> <!-- Default test -->
