<?xml version="1.0" encoding="UTF-8"?>
<!-- Generated by org.testng.reporters.JUnitXMLReporter -->
<testsuite ignored="0" hostname="DESKTOP-9F9PB9U" failures="2" tests="3" name="Login Functional Test" time="23.241" errors="0" timestamp="2022-06-19T22:45:11 BDT">
  <testcase classname="ExtentReports.BasicAction" name="InValid_LoginTest_002" time="0.071">
    <failure type="java.lang.NullPointerException" message="Cannot invoke &amp;quot;org.openqa.selenium.WebDriver.findElement(org.openqa.selenium.By)&amp;quot; because &amp;quot;ExtentReports.BasicAction.driver&amp;quot; is null">
      <![CDATA[java.lang.NullPointerException: Cannot invoke "org.openqa.selenium.WebDriver.findElement(org.openqa.selenium.By)" because "ExtentReports.BasicAction.driver" is null
at ExtentReports.BasicAction.InValid_LoginTest_002(BasicAction.java:65)
at java.base/java.util.ArrayList.forEach(ArrayList.java:1511)
... Removed 27 stack frames]]>
    </failure>
  </testcase> <!-- InValid_LoginTest_002 -->
  <testcase classname="ExtentReports.BasicAction" name="Valid_LoginTest_001" time="0.009">
    <failure type="java.lang.NullPointerException" message="Cannot invoke &amp;quot;org.openqa.selenium.WebDriver.findElement(org.openqa.selenium.By)&amp;quot; because &amp;quot;ExtentReports.BasicAction.driver&amp;quot; is null">
      <![CDATA[java.lang.NullPointerException: Cannot invoke "org.openqa.selenium.WebDriver.findElement(org.openqa.selenium.By)" because "ExtentReports.BasicAction.driver" is null
at ExtentReports.BasicAction.Valid_LoginTest_001(BasicAction.java:45)
at java.base/java.util.ArrayList.forEach(ArrayList.java:1511)
... Removed 27 stack frames]]>
    </failure>
  </testcase> <!-- Valid_LoginTest_001 -->
  <testcase classname="ExtentReports.BasicAction" name="chrome_launch" time="20.713"/>
</testsuite> <!-- Login Functional Test -->
