<?xml version="1.0" encoding="UTF-8"?>
<testng-results ignored="0" total="4" passed="4" failed="0" skipped="0">
  <reporter-output>
  </reporter-output>
  <suite started-at="2022-06-18T22:50:45 BDT" name="Default suite" finished-at="2022-06-18T22:50:47 BDT" duration-ms="1803">
    <groups>
    </groups>
    <test started-at="2022-06-18T22:50:45 BDT" name="Default test" finished-at="2022-06-18T22:50:47 BDT" duration-ms="1803">
      <class name="com.ExtentReports.Extent_Basic">
        <test-method is-config="true" signature="beforeTest()[pri:0, instance:com.ExtentReports.Extent_Basic@2415fc55]" started-at="2022-06-18T22:50:45 BDT" name="beforeTest" finished-at="2022-06-18T22:50:45 BDT" duration-ms="456" status="PASS">
          <reporter-output>
          </reporter-output>
        </test-method> <!-- beforeTest -->
        <test-method signature="Extent_TC_001()[pri:0, instance:com.ExtentReports.Extent_Basic@2415fc55]" started-at="2022-06-18T22:50:45 BDT" name="Extent_TC_001" finished-at="2022-06-18T22:50:45 BDT" duration-ms="43" status="PASS">
          <reporter-output>
          </reporter-output>
        </test-method> <!-- Extent_TC_001 -->
        <test-method signature="Extent_TC_002()[pri:0, instance:com.ExtentReports.Extent_Basic@2415fc55]" started-at="2022-06-18T22:50:45 BDT" name="Extent_TC_002" finished-at="2022-06-18T22:50:46 BDT" duration-ms="13" status="PASS">
          <reporter-output>
          </reporter-output>
        </test-method> <!-- Extent_TC_002 -->
        <test-method signature="Extent_TC_003()[pri:0, instance:com.ExtentReports.Extent_Basic@2415fc55]" started-at="2022-06-18T22:50:46 BDT" name="Extent_TC_003" finished-at="2022-06-18T22:50:46 BDT" duration-ms="11" status="PASS">
          <reporter-output>
          </reporter-output>
        </test-method> <!-- Extent_TC_003 -->
        <test-method signature="Extent_TC_004()[pri:0, instance:com.ExtentReports.Extent_Basic@2415fc55]" started-at="2022-06-18T22:50:46 BDT" name="Extent_TC_004" finished-at="2022-06-18T22:50:46 BDT" duration-ms="6" status="PASS">
          <reporter-output>
          </reporter-output>
        </test-method> <!-- Extent_TC_004 -->
        <test-method is-config="true" signature="afterTest()[pri:0, instance:com.ExtentReports.Extent_Basic@2415fc55]" started-at="2022-06-18T22:50:46 BDT" name="afterTest" finished-at="2022-06-18T22:50:47 BDT" duration-ms="1142" status="PASS">
          <reporter-output>
          </reporter-output>
        </test-method> <!-- afterTest -->
      </class> <!-- com.ExtentReports.Extent_Basic -->
    </test> <!-- Default test -->
  </suite> <!-- Default suite -->
</testng-results>
