<?xml version="1.0" encoding="UTF-8"?>
<testng-results ignored="3" total="6" passed="3" failed="0" skipped="0">
  <reporter-output>
  </reporter-output>
  <suite started-at="2022-06-19T23:08:46 BDT" name="Default suite" finished-at="2022-06-19T23:08:49 BDT" duration-ms="2398">
    <groups>
    </groups>
    <test started-at="2022-06-19T23:08:46 BDT" name="Default test" finished-at="2022-06-19T23:08:49 BDT" duration-ms="2398">
      <class name="Data_Provider.DP_LoginTest">
        <test-method is-config="true" signature="beforeTest()[pri:0, instance:Data_Provider.DP_LoginTest@5f20155b]" started-at="2022-06-19T23:08:46 BDT" name="beforeTest" finished-at="2022-06-19T23:08:47 BDT" duration-ms="720" status="PASS">
          <reporter-output>
          </reporter-output>
        </test-method> <!-- beforeTest -->
        <test-method signature="Extent_TC_001(java.lang.String,java.lang.String)[pri:0, instance:Data_Provider.DP_LoginTest@5f20155b]" started-at="2022-06-19T23:08:47 BDT" name="Extent_TC_001" data-provider="LoginData" finished-at="2022-06-19T23:08:47 BDT" duration-ms="58" status="PASS">
          <params>
            <param index="0">
              <value>
                <![CDATA[mail1@gmail.com]]>
              </value>
            </param>
            <param index="1">
              <value>
                <![CDATA[12345]]>
              </value>
            </param>
          </params>
          <reporter-output>
          </reporter-output>
        </test-method> <!-- Extent_TC_001 -->
        <test-method signature="Extent_TC_001(java.lang.String,java.lang.String)[pri:0, instance:Data_Provider.DP_LoginTest@5f20155b]" started-at="2022-06-19T23:08:47 BDT" name="Extent_TC_001" data-provider="LoginData" finished-at="2022-06-19T23:08:47 BDT" duration-ms="12" status="PASS">
          <params>
            <param index="0">
              <value>
                <![CDATA[mail2@gmail.com]]>
              </value>
            </param>
            <param index="1">
              <value>
                <![CDATA[12345]]>
              </value>
            </param>
          </params>
          <reporter-output>
          </reporter-output>
        </test-method> <!-- Extent_TC_001 -->
        <test-method signature="Extent_TC_001(java.lang.String,java.lang.String)[pri:0, instance:Data_Provider.DP_LoginTest@5f20155b]" started-at="2022-06-19T23:08:47 BDT" name="Extent_TC_001" data-provider="LoginData" finished-at="2022-06-19T23:08:47 BDT" duration-ms="11" status="PASS">
          <params>
            <param index="0">
              <value>
                <![CDATA[mail1@gmail.com]]>
              </value>
            </param>
            <param index="1">
              <value>
                <![CDATA[12345]]>
              </value>
            </param>
          </params>
          <reporter-output>
          </reporter-output>
        </test-method> <!-- Extent_TC_001 -->
        <test-method is-config="true" signature="afterTest()[pri:0, instance:Data_Provider.DP_LoginTest@5f20155b]" started-at="2022-06-19T23:08:47 BDT" name="afterTest" finished-at="2022-06-19T23:08:49 BDT" duration-ms="1288" status="PASS">
          <reporter-output>
          </reporter-output>
        </test-method> <!-- afterTest -->
      </class> <!-- Data_Provider.DP_LoginTest -->
    </test> <!-- Default test -->
  </suite> <!-- Default suite -->
</testng-results>
